Arguments: 
  /usr/local/bin/node /usr/local/bin/yarn add style-loader

PATH: 
  /home/lc/.vscode-server/bin/74b1f979648cc44d385a2286793c226e611f59e7/bin/remote-cli:/usr/local/sbin:/usr/local/bin:/usr/sbin:/usr/bin:/sbin:/bin:/usr/games:/usr/local/games:/usr/lib/wsl/lib:/mnt/c/Program Files (x86)/VMware/VMware Workstation/bin/:/mnt/c/Program Files/Python310/Scripts/:/mnt/c/Program Files/Python310/:/mnt/e/app/Ugo/product/11.2.0/dbhome_1/bin:/mnt/c/Program Files/Docker/Docker/Resources/bin:/mnt/c/Program Files/Python38/Scripts/:/mnt/c/Program Files/Python38/:/mnt/e/Oracle_app/client/Ugo/product/18.0.0/client_2:/mnt/e/Oracle_app/client/Ugo/product/18.0.0/client_2/bin:/mnt/c/Program Files (x86)/Common Files/Oracle/Java/javapath:/mnt/c/Windows/system32:/mnt/c/Windows:/mnt/c/Windows/System32/Wbem:/mnt/c/Windows/System32/WindowsPowerShell/v1.0/:/mnt/c/Windows/System32/OpenSSH/:/mnt/c/Program Files/Microsoft SQL Server/130/Tools/Binn/:/mnt/c/Program Files/Microsoft SQL Server/Client SDK/ODBC/170/Tools/Binn/:/mnt/c/Program Files (x86)/Microsoft SQL Server/150/DTS/Binn/:/mnt/c/Program Files/Microsoft SQL Server/Client SDK/ODBC/130/Tools/Binn/:/mnt/c/Program Files (x86)/Microsoft SQL Server/140/Tools/Binn/:/mnt/c/Program Files/Microsoft SQL Server/140/Tools/Binn/:/mnt/c/Program Files/Microsoft SQL Server/140/DTS/Binn/:/mnt/c/Users/Ugo/AppData/Local/Android/Sdk/tools/:/mnt/c/Users/Ugo/AppData/Local/Android/Sdk/platforms/:/mnt/c/Program Files (x86)/Intel/Intel(R) Management Engine Components/DAL:/mnt/c/Program Files/Intel/Intel(R) Management Engine Components/DAL:/mnt/d/lzy/java/android/android-sdk-windows/platform-tools:/mnt/c/Program Files/Mozilla Firefox/:/mnt/c/Program Files/Common Files/Autodesk Shared/:/mnt/c/Program Files/Microsoft SQL Server/120/Tools/Binn/:/mnt/c/Users/Ugo/AppData/Local/Programs/Python/Python37/:/mnt/c/Users/Ugo/AppData/Local/Programs/Python/Python37/Scripts/:/mnt/c/Program Files/TortoiseSVN/bin:/mnt/c/Program Files (x86)/Microsoft SQL Server/150/Tools/Binn/:/mnt/c/Program Files/Microsoft SQL Server/150/Tools/Binn/:/mnt/c/Program Files/Microsoft SQL Server/150/DTS/Binn/:/mnt/c/Program Files/MongoDB/Server/4.2/bin:/mnt/c/WINDOWS/system32:/mnt/c/WINDOWS:/mnt/c/WINDOWS/System32/Wbem:/mnt/c/WINDOWS/System32/WindowsPowerShell/v1.0/:/mnt/c/WINDOWS/System32/OpenSSH/:/mnt/c/ProgramData/chocolatey/bin:/mnt/c/Users/Ugo/AppData/Roaming/nvm:/mnt/c/Program Files/Go/bin:/mnt/c/Program Files/dotnet/:/mnt/c/Program Files/Git/cmd:/mnt/c/Program Files (x86)/NVIDIA Corporation/PhysX/Common:/mnt/c/MinGW/bin:/mnt/c/Program Files/nodejs:/mnt/c/Program Files/TortoiseGit/bin:/mnt/c/WINDOWS/system32:/mnt/c/WINDOWS:/mnt/c/WINDOWS/System32/Wbem:/mnt/c/WINDOWS/System32/WindowsPowerShell/v1.0/:/mnt/c/WINDOWS/System32/OpenSSH/:/mnt/c/Program Files/Docker/Docker/resources/bin:/mnt/c/ProgramData/DockerDesktop/version-bin:/mnt/c/Program Files/MySQL/MySQL Shell 8.0/bin/:/mnt/c/Users/Ugo/.windows-build-tools/python27/:/mnt/c/Program Files/JetBrains/IntelliJ IDEA 2019.2/bin:/mnt/c/Users/Ugo/.dotnet/tools:/mnt/c/Program Files/Oracle/VirtualBox:/mnt/c/Program Files/JetBrains/DataGrip 2019.2.6/bin:/mnt/c/Users/Ugo/AppData/Local/Android/Sdk/platform-tools:/mnt/c/Users/Ugo/AppData/Local/Microsoft/WindowsApps:/mnt/c/Program Files/JetBrains/IntelliJ IDEA 2020.1.2/bin:/mnt/c/Users/Ugo/.dotnet/tools:/mnt/c/Program Files/JetBrains/IntelliJ IDEA 2022.1.2/bin:/mnt/c/Users/Ugo/AppData/Local/Microsoft/WindowsApps:/mnt/c/FlutterSDK/flutter/bin:/mnt/c/Users/Ugo/AppData/Local/Yarn/bin:/mnt/c/Users/Ugo/AppData/Local/Tesseract-OCR:/mnt/c/Users/Ugo/go/bin:/mnt/c/Program Files/JetBrains/GoLand 2021.2.4/bin:/mnt/c/Program Files (x86)/Tencent/微信web开发者工具/dll:/mnt/c/Users/Ugo/AppData/Local/Programs/Microsoft VS Code/bin:/snap/bin

Yarn version: 
  1.22.19

Node version: 
  14.20.0

Platform: 
  linux x64

Trace: 
  Error: EEXIST: file already exists, mkdir '/home/lc/lc/share-lowcode-materials/node_modules/@storybook/addon-storysource/node_modules'

npm manifest: 
  {
    "name": "share-lowcode-materials",
    "version": "0.1.0",
    "description": "share-lowcode-materials",
    "main": "lib/index.js",
    "module": "es/index.js",
    "typings": "types/index.d.ts",
    "files": [
      "build",
      "dist",
      "lib",
      "es",
      "types"
    ],
    "scripts": {
      "start": "build-scripts start",
      "build": "build-scripts build",
      "lowcode:dev": "build-scripts start --config ./build.lowcode.js",
      "lowcode:build": "build-scripts build --config ./build.lowcode.js",
      "f2elint-scan": "f2elint scan",
      "f2elint-fix": "f2elint fix",
      "prepublishOnly": "npm run build && npm run lowcode:build"
    },
    "directories": {
      "test": "test"
    },
    "keywords": [
      "Fusion"
    ],
    "author": "fusion-team",
    "license": "MIT",
    "husky": {
      "hooks": {
        "pre-commit": "f2elint commit-file-scan",
        "commit-msg": "f2elint commit-msg-scan"
      }
    },
    "lint-staged": {
      "**/*.{js,jsx,ts,tsx,vue}": "f2elint exec eslint",
      "**/*.{css,scss,less,acss}": "f2elint exec stylelint"
    },
    "peerDependencies": {
      "react": "^16.x",
      "react-dom": "^16.x",
      "moment": "latest"
    },
    "devDependencies": {
      
      "@alib/build-scripts": "^0.1.3",
      "@alifd/build-plugin-lowcode": "^0.3.0",
      "@alifd/theme-2": "^0.4.0",
      "@storybook/addon-actions": "^6.3.1",
      "@storybook/addon-docs": "^6.3.4",
      "@storybook/addon-essentials": "^6.3.0",
      "@storybook/addon-storysource": "^6.3.1",
      "@storybook/react": "^6.3.5",
      "@storybook/source-loader": "^6.3.1",
      "@types/react": "^16.14.24",
      "@types/react-dom": "^16.9.4",
      "build-plugin-component-multiple": "^1.0.0-beta.5",
      "build-plugin-fusion": "^0.1.0",
      "f2elint": "^1.2.0"
    },
    "dependencies": {
      "@alifd/next": "^1.25.51",
      "@alifd/pro-layout": "^1.0.1-beta.6",
      "@alilc/lowcode-engine": "^1.0.14",
      "@alilc/lowcode-types": "^1.0.14",
      "@ant-design/icons": "^4.7.0",
      "@ant-design/pro-components": "^2.3.5",
      "antd": "^4.23.0",
      "prop-types": "^15.8.1",
      "react": "^16.x",
      "react-dom": "^16.x"
    },
    "acceptDependencies": {
      "webpack": "^4.46.x"
    },
    "resolutions": {
      "webpack": "^4.46.x"
    },
    
    "componentConfig": {
      "isComponentLibrary": true
    }
  }

yarn manifest: 
  No manifest

Lockfile: 
  No lockfile
